<?xml version="1.0" encoding="utf-8"?><testsuites name="pytest tests"><testsuite name="pytest" errors="0" failures="0" skipped="0" tests="11" time="33.556" timestamp="2026-02-13T17:01:46.997061+00:00" hostname="agent-env-760308e9-4616-4162-a73f-56447bd021e8"><testcase classname="backend.tests.test_pokemon_nickname_level.TestPokemonNicknameLevel" name="test_get_my_pokemon_list" time="2.830" /><testcase classname="backend.tests.test_pokemon_nickname_level.TestPokemonNicknameLevel" name="test_get_pokemon_detail" time="3.235" /><testcase classname="backend.tests.test_pokemon_nickname_level.TestPokemonNicknameLevel" name="test_update_nickname_success" time="3.322" /><testcase classname="backend.tests.test_pokemon_nickname_level.TestPokemonNicknameLevel" name="test_update_level_valid_values" time="3.910" /><testcase classname="backend.tests.test_pokemon_nickname_level.TestPokemonNicknameLevel" name="test_update_both_nickname_and_level" time="3.097" /><testcase classname="backend.tests.test_pokemon_nickname_level.TestPokemonNicknameLevel" name="test_clear_nickname" time="3.168" /><testcase classname="backend.tests.test_pokemon_nickname_level.TestPokemonNicknameLevel" name="test_update_nonexistent_pokemon_returns_404" time="2.963" /><testcase classname="backend.tests.test_pokemon_nickname_level.TestPokemonNicknameLevel" name="test_update_without_auth_returns_error" time="2.775" /><testcase classname="backend.tests.test_pokemon_nickname_level.TestPokemonNicknameLevel" name="test_empty_update_returns_error" time="3.003" /><testcase classname="backend.tests.test_pokemon_nickname_level.TestAdminPokemonAssignment" name="test_admin_assign_pokemon" time="2.270" /><testcase classname="backend.tests.test_pokemon_nickname_level.TestAdminPokemonAssignment" name="test_admin_get_user_pokemon" time="2.867" /></testsuite></testsuites>